d:\forestry\oop\лаб_6\project1\project1\x64\debug\vc143.pdb
d:\forestry\oop\лаб_6\project1\project1\x64\debug\vc143.idb
d:\forestry\oop\лаб_6\project1\project1\x64\debug\task_2.obj
d:\forestry\oop\лаб_6\project1\project1\x64\debug\source.obj
d:\forestry\oop\лаб_6\oop_lab_6\project1\project1\x64\debug\vc143.pdb
d:\forestry\oop\лаб_6\oop_lab_6\project1\project1\x64\debug\vc143.idb
d:\forestry\oop\лаб_6\oop_lab_6\project1\project1\x64\debug\task_2.obj
d:\forestry\oop\лаб_6\project1\x64\debug\project1.exe
d:\forestry\oop\лаб_6\project1\project1\x64\debug\project1.ilk
d:\forestry\oop\лаб_6\project1\x64\debug\project1.pdb
d:\forestry\oop\лаб_6\oop_lab_6\project1\project1\x64\debug\source.obj
d:\forestry\oop\лаб_6\oop_lab_6\project1\project1\x64\debug\project1.ilk
d:\forestry\oop\лаб_6\oop_lab_6\project1\x64\debug\project1.pdb
d:\forestry\oop\лаб_6\oop_lab_6\project1\x64\debug\project1.exe
d:\forestry\oop\лаб_6\oop_lab_6\project1\project1\x64\debug\project1.tlog\cl.command.1.tlog
d:\forestry\oop\лаб_6\oop_lab_6\project1\project1\x64\debug\project1.tlog\cl.read.1.tlog
d:\forestry\oop\лаб_6\oop_lab_6\project1\project1\x64\debug\project1.tlog\cl.write.1.tlog
d:\forestry\oop\лаб_6\oop_lab_6\project1\project1\x64\debug\project1.tlog\link.command.1.tlog
d:\forestry\oop\лаб_6\oop_lab_6\project1\project1\x64\debug\project1.tlog\link.read.1.tlog
d:\forestry\oop\лаб_6\oop_lab_6\project1\project1\x64\debug\project1.tlog\link.write.1.tlog
